<?xml version="1.0" encoding="UTF-8"?>
<!-- Generated by org.testng.reporters.JUnitReportReporter -->
<testsuite hostname="IN3070814W1" failures="0" tests="2" name="Test.OnlyPrintStatement" time="0.008" errors="0" timestamp="2023-01-05T11:55:39 IST" skipped="0">
  <testcase classname="Test.OnlyPrintStatement" name="f1" time="0.002"/>
  <system-out>
    <![CDATA[Am inside function1]]>
  </system-out>
  <testcase classname="Test.OnlyPrintStatement" name="F2" time="0.006"/>
  <system-out>
    <![CDATA[Am inside function2]]>
  </system-out>
</testsuite> <!-- Test.OnlyPrintStatement -->
